<?xml version="1.0" encoding="UTF-8"?>
<testng-results skipped="0" failed="0" ignored="0" total="2" passed="2">
  <reporter-output>
  </reporter-output>
  <suite name="Suite" duration-ms="50624" started-at="2018-03-24T05:13:47Z" finished-at="2018-03-24T05:14:38Z">
    <groups>
    </groups>
    <test name="Test" duration-ms="50624" started-at="2018-03-24T05:13:47Z" finished-at="2018-03-24T05:14:38Z">
      <class name="testcases.TC003_CreateLead">
        <test-method status="PASS" signature="beforeSuite()[pri:0, instance:testcases.TC003_CreateLead@9711b]" name="beforeSuite" is-config="true" duration-ms="765" started-at="2018-03-24T10:43:46Z" finished-at="2018-03-24T10:43:47Z">
          <reporter-output>
          </reporter-output>
        </test-method> <!-- beforeSuite -->
        <test-method status="PASS" signature="setData()[pri:0, instance:testcases.TC003_CreateLead@9711b]" name="setData" is-config="true" duration-ms="0" started-at="2018-03-24T10:43:47Z" finished-at="2018-03-24T10:43:47Z">
          <reporter-output>
          </reporter-output>
        </test-method> <!-- setData -->
        <test-method status="PASS" signature="beforeClass()[pri:0, instance:testcases.TC003_CreateLead@9711b]" name="beforeClass" is-config="true" duration-ms="1" started-at="2018-03-24T10:43:47Z" finished-at="2018-03-24T10:43:47Z">
          <reporter-output>
          </reporter-output>
        </test-method> <!-- beforeClass -->
        <test-method status="PASS" signature="beforeMethod()[pri:0, instance:testcases.TC003_CreateLead@9711b]" name="beforeMethod" is-config="true" duration-ms="8180" started-at="2018-03-24T10:43:48Z" finished-at="2018-03-24T10:43:56Z">
          <reporter-output>
          </reporter-output>
        </test-method> <!-- beforeMethod -->
        <test-method status="PASS" signature="CreateLeads(java.lang.String, java.lang.String, java.lang.String, java.lang.String, java.lang.String, java.lang.String)[pri:0, instance:testcases.TC003_CreateLead@9711b]" name="CreateLeads" duration-ms="17273" started-at="2018-03-24T10:43:56Z" data-provider="fetchData" finished-at="2018-03-24T10:44:13Z">
          <params>
            <param index="0">
              <value>
                <![CDATA[DemoSalesManager]]>
              </value>
            </param>
            <param index="1">
              <value>
                <![CDATA[crmsfa]]>
              </value>
            </param>
            <param index="2">
              <value>
                <![CDATA[Demo Sales Manager]]>
              </value>
            </param>
            <param index="3">
              <value>
                <![CDATA[TCS]]>
              </value>
            </param>
            <param index="4">
              <value>
                <![CDATA[Sandeep]]>
              </value>
            </param>
            <param index="5">
              <value>
                <![CDATA[Pops]]>
              </value>
            </param>
          </params>
          <reporter-output>
          </reporter-output>
        </test-method> <!-- CreateLeads -->
        <test-method status="PASS" signature="afterMethod()[pri:0, instance:testcases.TC003_CreateLead@9711b]" name="afterMethod" is-config="true" duration-ms="809" started-at="2018-03-24T10:44:13Z" finished-at="2018-03-24T10:44:14Z">
          <reporter-output>
          </reporter-output>
        </test-method> <!-- afterMethod -->
        <test-method status="PASS" signature="beforeMethod()[pri:0, instance:testcases.TC003_CreateLead@9711b]" name="beforeMethod" is-config="true" duration-ms="6504" started-at="2018-03-24T10:44:14Z" finished-at="2018-03-24T10:44:21Z">
          <reporter-output>
          </reporter-output>
        </test-method> <!-- beforeMethod -->
        <test-method status="PASS" signature="CreateLeads(java.lang.String, java.lang.String, java.lang.String, java.lang.String, java.lang.String, java.lang.String)[pri:0, instance:testcases.TC003_CreateLead@9711b]" name="CreateLeads" duration-ms="16207" started-at="2018-03-24T10:44:21Z" data-provider="fetchData" finished-at="2018-03-24T10:44:37Z">
          <params>
            <param index="0">
              <value>
                <![CDATA[DemoCSR]]>
              </value>
            </param>
            <param index="1">
              <value>
                <![CDATA[crmsfa]]>
              </value>
            </param>
            <param index="2">
              <value>
                <![CDATA[Demo B2B CSR]]>
              </value>
            </param>
            <param index="3">
              <value>
                <![CDATA[Cognizant]]>
              </value>
            </param>
            <param index="4">
              <value>
                <![CDATA[Rameez]]>
              </value>
            </param>
            <param index="5">
              <value>
                <![CDATA[Sam]]>
              </value>
            </param>
          </params>
          <reporter-output>
          </reporter-output>
        </test-method> <!-- CreateLeads -->
        <test-method status="PASS" signature="afterMethod()[pri:0, instance:testcases.TC003_CreateLead@9711b]" name="afterMethod" is-config="true" duration-ms="821" started-at="2018-03-24T10:44:37Z" finished-at="2018-03-24T10:44:38Z">
          <reporter-output>
          </reporter-output>
        </test-method> <!-- afterMethod -->
        <test-method status="PASS" signature="afterTest()[pri:0, instance:testcases.TC003_CreateLead@9711b]" name="afterTest" is-config="true" duration-ms="1" started-at="2018-03-24T10:44:38Z" finished-at="2018-03-24T10:44:38Z">
          <reporter-output>
          </reporter-output>
        </test-method> <!-- afterTest -->
        <test-method status="PASS" signature="afterSuite()[pri:0, instance:testcases.TC003_CreateLead@9711b]" name="afterSuite" is-config="true" duration-ms="552" started-at="2018-03-24T10:44:38Z" finished-at="2018-03-24T10:44:38Z">
          <reporter-output>
          </reporter-output>
        </test-method> <!-- afterSuite -->
      </class> <!-- testcases.TC003_CreateLead -->
    </test> <!-- Test -->
  </suite> <!-- Suite -->
</testng-results>
